#
# There is insufficient memory for the Java Runtime Environment to continue.
# Native memory allocation (malloc) failed to allocate 32744 bytes for ChunkPool::allocate
# Possible reasons:
#   The system is out of physical RAM or swap space
#   In 32 bit mode, the process size limit was hit
# Possible solutions:
#   Reduce memory load on the system
#   Increase physical memory or swap space
#   Check if swap backing store is full
#   Use 64 bit Java on a 64 bit OS
#   Decrease Java heap size (-Xmx/-Xms)
#   Decrease number of Java threads
#   Decrease Java thread stack sizes (-Xss)
#   Set larger code cache with -XX:ReservedCodeCacheSize=
# This output file may be truncated or incomplete.
#
#  Out of Memory Error (allocation.cpp:273), pid=2552, tid=0x0000000000002d5c
#
# JRE version: OpenJDK Runtime Environment (8.0_112-b06) (build 1.8.0_112-release-b06)
# Java VM: OpenJDK 64-Bit Server VM (25.112-b06 mixed mode windows-amd64 compressed oops)
# Failed to write core dump. Minidumps are not enabled by default on client versions of Windows
#

---------------  T H R E A D  ---------------

Current thread (0x0000000017720800):  JavaThread "C2 CompilerThread2" daemon [_thread_in_native, id=11612, stack(0x00000000181e0000,0x00000000182e0000)]

Stack: [0x00000000181e0000,0x00000000182e0000]
[error occurred during error reporting (printing stack bounds), id 0xc0000005]

Native frames: (J=compiled Java code, j=interpreted, Vv=VM code, C=native code)


Current CompileTask:
C2:    347  209   !   4       com.android.dx.cf.cst.ConstantPoolParser::parse0 (731 bytes)


---------------  P R O C E S S  ---------------

Java Threads: ( => current thread )
  0x00000000179f1800 JavaThread "pool-2-thread-4" [_thread_blocked, id=10220, stack(0x00000000189e0000,0x0000000018ae0000)]
  0x00000000178ee800 JavaThread "pool-2-thread-3" [_thread_blocked, id=8784, stack(0x00000000188e0000,0x00000000189e0000)]
  0x00000000178eb000 JavaThread "pool-2-thread-2" [_thread_blocked, id=10144, stack(0x00000000187e0000,0x00000000188e0000)]
  0x00000000178cd000 JavaThread "pool-3-thread-1" [_thread_blocked, id=11856, stack(0x00000000186e0000,0x00000000187e0000)]
  0x00000000178cc000 JavaThread "pool-2-thread-1" [_thread_in_vm, id=10196, stack(0x00000000185e0000,0x00000000186e0000)]
  0x00000000177bb000 JavaThread "Service Thread" daemon [_thread_blocked, id=6284, stack(0x00000000183e0000,0x00000000184e0000)]
  0x0000000017734000 JavaThread "C1 CompilerThread3" daemon [_thread_blocked, id=7260, stack(0x00000000182e0000,0x00000000183e0000)]
=>0x0000000017720800 JavaThread "C2 CompilerThread2" daemon [_thread_in_native, id=11612, stack(0x00000000181e0000,0x00000000182e0000)]
  0x0000000017718800 JavaThread "C2 CompilerThread1" daemon [_thread_blocked, id=2440, stack(0x00000000180e0000,0x00000000181e0000)]
  0x0000000017715800 JavaThread "C2 CompilerThread0" daemon [_thread_blocked, id=8700, stack(0x0000000017fe0000,0x00000000180e0000)]
  0x0000000017714000 JavaThread "Attach Listener" daemon [_thread_blocked, id=9408, stack(0x0000000017ee0000,0x0000000017fe0000)]
  0x000000001581e000 JavaThread "Signal Dispatcher" daemon [_thread_blocked, id=3888, stack(0x0000000017de0000,0x0000000017ee0000)]
  0x0000000017710800 JavaThread "Finalizer" daemon [_thread_blocked, id=1708, stack(0x0000000017af0000,0x0000000017bf0000)]
  0x0000000002ce4000 JavaThread "Reference Handler" daemon [_thread_blocked, id=8064, stack(0x00000000175f0000,0x00000000176f0000)]
  0x0000000002bf0800 JavaThread "main" [_thread_blocked, id=1940, stack(0x0000000002af0000,0x0000000002bf0000)]

Other Threads:
  0x0000000015805800 VMThread [stack: 0x00000000174f0000,0x00000000175f0000] [id=11908]
  0x00000000177bc000 WatcherThread [stack: 0x00000000184e0000,0x00000000185e0000] [id=6520]

VM state:not at safepoint (normal execution)

VM Mutex/Monitor currently owned by a thread: None

Heap:
 PSYoungGen      total 76288K, used 11797K [0x00000000eab00000, 0x00000000f0000000, 0x0000000100000000)
  eden space 65536K, 18% used [0x00000000eab00000,0x00000000eb685500,0x00000000eeb00000)
  from space 10752K, 0% used [0x00000000ef580000,0x00000000ef580000,0x00000000f0000000)
  to   space 10752K, 0% used [0x00000000eeb00000,0x00000000eeb00000,0x00000000ef580000)
 ParOldGen       total 175104K, used 0K [0x00000000c0000000, 0x00000000cab00000, 0x00000000eab00000)
  object space 175104K, 0% used [0x00000000c0000000,0x00000000c0000000,0x00000000cab00000)
 Metaspace       used 4233K, capacity 5584K, committed 5760K, reserved 1056768K
  class space    used 455K, capacity 520K, committed 640K, reserved 1048576K

Card table byte_map: [0x00000000120b0000,0x00000000122c0000] byte_map_base: 0x0000000011ab0000

Marking Bits: (ParMarkBitMap*) 0x00000000727818f0
 Begin Bits: [0x0000000012c20000, 0x0000000013c20000)
 End Bits:   [0x0000000013c20000, 0x0000000014c20000)

Polling page: 0x0000000002a50000

CodeCache: size=245760Kb used=1730Kb max_used=1730Kb free=244029Kb
 bounds [0x0000000002cf0000, 0x0000000002f60000, 0x0000000011cf0000]
 total_blobs=523 nmethods=271 adapters=166
 compilation: enabled

Compilation events (10 events):
Event: 0.332 Thread 0x0000000017734000 nmethod 251 0x0000000002e95f90 code [0x0000000002e96100, 0x0000000002e962c8]
Event: 0.332 Thread 0x0000000017734000  252       3       java.lang.Integer::numberOfTrailingZeros (79 bytes)
Event: 0.332 Thread 0x0000000017734000 nmethod 252 0x0000000002e95b10 code [0x0000000002e95c80, 0x0000000002e95f30]
Event: 0.332 Thread 0x0000000017734000  253       1       com.android.dx.util.IntList::size (5 bytes)
Event: 0.332 Thread 0x0000000017734000 nmethod 253 0x0000000002e95850 code [0x0000000002e959a0, 0x0000000002e95ab0]
Event: 0.336 Thread 0x0000000017734000  255       3       java.util.TreeMap::setColor (10 bytes)
Event: 0.336 Thread 0x0000000017734000 nmethod 255 0x0000000002e95110 code [0x0000000002e95260, 0x0000000002e953d0]
Event: 0.337 Thread 0x0000000017734000  256       3       java.util.zip.ZipFile::ensureOpen (37 bytes)
Event: 0.337 Thread 0x0000000017734000 nmethod 256 0x0000000002e94a90 code [0x0000000002e94c20, 0x0000000002e94f98]
Event: 0.337 Thread 0x0000000017734000  257       3       java.util.zip.ZipCoder::getBytes (192 bytes)

GC Heap History (0 events):
No events

Deoptimization events (1 events):
Event: 0.229 Thread 0x0000000002bf0800 Uncommon trap: reason=unstable_if action=reinterpret pc=0x0000000002e30f14 method=java.lang.String.indexOf(II)I @ 49

Internal exceptions (2 events):
Event: 0.059 Thread 0x0000000002bf0800 Exception <a 'java/lang/NoSuchMethodError': Method sun.misc.Unsafe.defineClass(Ljava/lang/String;[BII)Ljava/lang/Class; name or signature does not match> (0x00000000eab07c78) thrown at [C:\src\android\AOSP-openjdk\external\jetbrains\jdk\hotspot\src\share\v²Õwb“K®?
Event: 0.059 Thread 0x0000000002bf0800 Exception <a 'java/lang/NoSuchMethodError': Method sun.misc.Unsafe.prefetchRead(Ljava/lang/Object;J)V name or signature does not match> (0x00000000eab07f60) thrown at [C:\src\android\AOSP-openjdk\external\jetbrains\jdk\hotspot\src\share\vm\prims\jni.cpp, l

Events (10 events):
Event: 0.334 loading class com/android/dx/cf/code/Simulator
Event: 0.334 loading class com/android/dx/cf/code/Simulator done
Event: 0.334 loading class com/android/dx/cf/code/Simulator$SimVisitor
Event: 0.335 loading class com/android/dx/cf/code/Simulator$SimVisitor done
Event: 0.336 loading class com/android/dx/cf/code/Frame
Event: 0.336 loading class com/android/dx/cf/code/Frame done
Event: 0.336 loading class com/android/dx/cf/code/Ropper$Subroutine
Event: 0.336 loading class com/android/dx/cf/code/Ropper$Subroutine done
Event: 0.337 loading class com/android/dx/cf/code/Ropper$CatchInfo
Event: 0.337 loading class com/android/dx/cf/code/Ropper$CatchInfo done


Dynamic libraries:
0x00007ff6c0d50000 - 0x00007ff6c0d81000 	D:\Program Files\Android\Android Studio\jre\bin\java.exe
0x00007ff897c90000 - 0x00007ff897e61000 	C:\WINDOWS\SYSTEM32\ntdll.dll
0x00007ff895c60000 - 0x00007ff895d0c000 	C:\WINDOWS\System32\KERNEL32.DLL
0x00007ff894e10000 - 0x00007ff89502d000 	C:\WINDOWS\System32\KERNELBASE.dll
0x00007ff897b70000 - 0x00007ff897c12000 	C:\WINDOWS\System32\ADVAPI32.dll
0x00007ff895360000 - 0x00007ff8953fe000 	C:\WINDOWS\System32\msvcrt.dll
0x00007ff897c30000 - 0x00007ff897c89000 	C:\WINDOWS\System32\sechost.dll
0x00007ff8956a0000 - 0x00007ff8957c1000 	C:\WINDOWS\System32\RPCRT4.dll
0x00007ff895470000 - 0x00007ff8955d5000 	C:\WINDOWS\System32\USER32.dll
0x00007ff894b00000 - 0x00007ff894b1e000 	C:\WINDOWS\System32\win32u.dll
0x00007ff8957d0000 - 0x00007ff895804000 	C:\WINDOWS\System32\GDI32.dll
0x00007ff894180000 - 0x00007ff894302000 	C:\WINDOWS\System32\gdi32full.dll
0x00007ff88ed70000 - 0x00007ff88efea000 	C:\WINDOWS\WinSxS\amd64_microsoft.windows.common-controls_6595b64144ccf1df_6.0.14393.953_none_42151e83c686086b\COMCTL32.dll
0x00007ff895d70000 - 0x00007ff896038000 	C:\WINDOWS\System32\combase.dll
0x00007ff895080000 - 0x00007ff895175000 	C:\WINDOWS\System32\ucrtbase.dll
0x00007ff894b20000 - 0x00007ff894b8a000 	C:\WINDOWS\System32\bcryptPrimitives.dll
0x00007ff895220000 - 0x00007ff89524e000 	C:\WINDOWS\System32\IMM32.DLL
0x0000000071ee0000 - 0x0000000071fb2000 	D:\Program Files\Android\Android Studio\jre\jre\bin\msvcr100.dll
0x0000000071fc0000 - 0x00000000727fc000 	D:\Program Files\Android\Android Studio\jre\jre\bin\server\jvm.dll
0x00007ff895c50000 - 0x00007ff895c58000 	C:\WINDOWS\System32\PSAPI.DLL
0x00007ff8910a0000 - 0x00007ff8910a9000 	C:\WINDOWS\SYSTEM32\WSOCK32.dll
0x00007ff897ae0000 - 0x00007ff897b4a000 	C:\WINDOWS\System32\WS2_32.dll
0x00007ff891f40000 - 0x00007ff891f63000 	C:\WINDOWS\SYSTEM32\WINMM.dll
0x00007ff88f0a0000 - 0x00007ff88f0aa000 	C:\WINDOWS\SYSTEM32\VERSION.dll
0x00007ff891cd0000 - 0x00007ff891cfb000 	C:\WINDOWS\SYSTEM32\WINMMBASE.dll
0x00007ff895030000 - 0x00007ff895072000 	C:\WINDOWS\System32\cfgmgr32.dll
0x00007ff8923e0000 - 0x00007ff8923ef000 	D:\Program Files\Android\Android Studio\jre\jre\bin\verify.dll
0x00007ff890770000 - 0x00007ff890799000 	D:\Program Files\Android\Android Studio\jre\jre\bin\java.dll
0x00007ff8915e0000 - 0x00007ff8915f6000 	D:\Program Files\Android\Android Studio\jre\jre\bin\zip.dll
0x00007ff896570000 - 0x00007ff897a78000 	C:\WINDOWS\System32\SHELL32.dll
0x00007ff8943c0000 - 0x00007ff894a9a000 	C:\WINDOWS\System32\windows.storage.dll
0x00007ff894110000 - 0x00007ff89415c000 	C:\WINDOWS\System32\powrprof.dll
0x00007ff895d10000 - 0x00007ff895d62000 	C:\WINDOWS\System32\shlwapi.dll
0x00007ff894170000 - 0x00007ff89417f000 	C:\WINDOWS\System32\kernel.appcore.dll
0x00007ff894310000 - 0x00007ff8943b9000 	C:\WINDOWS\System32\shcore.dll
0x00007ff8940f0000 - 0x00007ff894104000 	C:\WINDOWS\System32\profapi.dll

VM Arguments:
jvm_args: -Djava.awt.headless=true -Xmx1024M -Dfile.encoding=windows-1252 -Duser.country=US -Duser.language=en -Duser.variant 
java_command: com.android.dx.command.Main --dex --force-jumbo --num-threads=4 --multi-dex --output D:\Users\ismile\udacity\android-basics-networking\ud843_DidYouFeelIt-starting-point\app\build\intermediates\transforms\dex\debug\folders\1000\5\slice_7 D:\Users\ismile\udacity\android-basics-networking\ud843_DidYouFeelIt-starting-point\app\build\intermediates\transforms\instantRunSlicer\debug\folders\1\5\slice_7
java_class_path (initial): D:\Users\ismile\AppData\Local\Android\sdk\build-tools\25.0.0\lib\dx.jar
Launcher Type: SUN_STANDARD

Environment Variables:
PATH=C:\ProgramData\Oracle\Java\javapath;C:\WINDOWS\system32;C:\WINDOWS;C:\WINDOWS\System32\Wbem;C:\WINDOWS\System32\WindowsPowerShell\v1.0\;d:\Program Files\Git\cmd;C:\Users\ismile\AppData\Local\Microsoft\WindowsApps;
USERNAME=ismile
OS=Windows_NT
PROCESSOR_IDENTIFIER=Intel64 Family 6 Model 94 Stepping 3, GenuineIntel



---------------  S Y S T E M  ---------------

OS: Windows 10.0 , 64 bit Build 14393 (10.0.14393.1198)

CPU:total 8 (4 cores per cpu, 2 threads per core) family 6 model 94 stepping 3, cmov, cx8, fxsr, mmx, sse, sse2, sse3, ssse3, sse4.1, sse4.2, popcnt, avx, avx2, aes, clmul, erms, rtm, 3dnowpref, lzcnt, ht, tsc, tscinvbit, bmi1, bmi2, adx

Memory: 4k page, physical 16647128k(6103816k free), swap 32203860k(4568k free)

vm_info: OpenJDK 64-Bit Server VM (25.112-b06) for windows-amd64 JRE (1.8.0_112-release-b06), built on Dec  8 2016 00:54:26 by "builder" with MS VC++ 10.0 (VS2010)

time: Tue May 16 13:27:15 2017
elapsed time: 0 seconds (0d 0h 0m 0s)

